25-11-19 13:15:39 [INFO] werkzeug - [31m[1mWARNING: This is a development server. Do not use it in a production deployment. Use a production WSGI server instead.[0m
 * Running on http://127.0.0.1:1509
25-11-19 13:15:39 [INFO] werkzeug - [33mPress CTRL+C to quit[0m
25-11-19 13:15:39 [INFO] werkzeug -  * Restarting with stat
25-11-19 13:15:40 [WARNING] werkzeug -  * Debugger is active!
25-11-19 13:15:40 [INFO] werkzeug -  * Debugger PIN: 263-796-448
25-11-19 13:16:14 [INFO] root - PSG_DEV
25-11-19 13:16:14 [INFO] root - PSG_PROD
25-11-19 13:16:14 [INFO] root - sales_headers
25-11-19 13:16:14 [DEBUG] MyApp - Connected to PSG_DEV database.
25-11-19 13:16:15 [DEBUG] MyApp - Connected to PSG_PROD database.
25-11-19 13:16:15 [INFO] root - <connection object at 0x00000242A18A8BF0; dsn: 'user=postgres password=xxx dbname=Dev_db host=localhost port=5432', closed: 0>
25-11-19 13:16:15 [INFO] root - <connection object at 0x00000242A18A8E10; dsn: 'user=postgres password=xxx dbname=prod_db host=localhost port=5432', closed: 0>
25-11-19 13:16:15 [INFO] root - connection established
25-11-19 13:16:15 [INFO] root -    sales_id  product_id payment_status
0      2201         701      Sucessful
25-11-19 13:16:15 [INFO] werkzeug - 127.0.0.1 - - [19/Nov/2025 13:16:15] "POST /api/datainsertion HTTP/1.1" 200 -
25-11-19 13:19:31 [INFO] werkzeug - [31m[1mWARNING: This is a development server. Do not use it in a production deployment. Use a production WSGI server instead.[0m
 * Running on http://127.0.0.1:1509
25-11-19 13:19:31 [INFO] werkzeug - [33mPress CTRL+C to quit[0m
25-11-19 13:19:31 [INFO] werkzeug -  * Restarting with stat
25-11-19 13:19:32 [WARNING] werkzeug -  * Debugger is active!
25-11-19 13:19:32 [INFO] werkzeug -  * Debugger PIN: 263-796-448
25-11-19 13:19:34 [INFO] root - PSG_DEV
25-11-19 13:19:34 [INFO] root - PSG_PROD
25-11-19 13:19:34 [INFO] root - sales_headers
25-11-19 13:19:34 [DEBUG] MyApp - Connected to PSG_DEV database.
25-11-19 13:19:34 [DEBUG] MyApp - Connected to PSG_PROD database.
25-11-19 13:19:34 [INFO] root - <connection object at 0x0000017CB0238BF0; dsn: 'user=postgres password=xxx dbname=Dev_db host=localhost port=5432', closed: 0>
25-11-19 13:19:34 [INFO] root - <connection object at 0x0000017CB0238E10; dsn: 'user=postgres password=xxx dbname=prod_db host=localhost port=5432', closed: 0>
25-11-19 13:19:34 [INFO] root - connection established
25-11-19 13:19:34 [INFO] root -    sales_id  product_id payment_status
0      2201         701      Sucessful
25-11-19 13:19:34 [INFO] werkzeug - 127.0.0.1 - - [19/Nov/2025 13:19:34] "POST /api/datainsertion HTTP/1.1" 200 -
25-11-19 13:20:41 [INFO] werkzeug - [31m[1mWARNING: This is a development server. Do not use it in a production deployment. Use a production WSGI server instead.[0m
 * Running on http://127.0.0.1:1509
25-11-19 13:20:41 [INFO] werkzeug - [33mPress CTRL+C to quit[0m
25-11-19 13:20:41 [INFO] werkzeug -  * Restarting with stat
25-11-19 13:20:42 [WARNING] werkzeug -  * Debugger is active!
25-11-19 13:20:42 [INFO] werkzeug -  * Debugger PIN: 263-796-448
25-11-19 13:20:45 [INFO] root - PSG_DEV
25-11-19 13:20:45 [INFO] root - PSG_PROD
25-11-19 13:20:45 [INFO] root - sales_headers
25-11-19 13:20:45 [DEBUG] MyApp - Connected to PSG_DEV database.
25-11-19 13:20:45 [DEBUG] MyApp - Connected to PSG_PROD database.
25-11-19 13:20:45 [INFO] root - <connection object at 0x000002445D998BF0; dsn: 'user=postgres password=xxx dbname=Dev_db host=localhost port=5432', closed: 0>
25-11-19 13:20:45 [INFO] root - <connection object at 0x000002445D998E10; dsn: 'user=postgres password=xxx dbname=prod_db host=localhost port=5432', closed: 0>
25-11-19 13:20:45 [INFO] root - connection established
25-11-19 13:20:46 [INFO] root -    sales_id  product_id payment_status
0      2201         701      Sucessful
25-11-19 13:20:46 [INFO] root - <connection object at 0x000002445D998E10; dsn: 'user=postgres password=xxx dbname=prod_db host=localhost port=5432', closed: 1> closed
25-11-19 13:20:46 [INFO] root - <connection object at 0x000002445D998E10; dsn: 'user=postgres password=xxx dbname=prod_db host=localhost port=5432', closed: 1> closed
25-11-19 13:20:46 [INFO] werkzeug - 127.0.0.1 - - [19/Nov/2025 13:20:46] "POST /api/datainsertion HTTP/1.1" 200 -
